<?xml version="1.0" encoding="UTF-8"?>
<!-- Generated by org.testng.reporters.JUnitXMLReporter -->
<testsuite ignored="9" hostname="Lakshmi" failures="0" tests="1" name="Default test" time="1.808" errors="0" timestamp="2025-01-28T23:08:20 MST">
  <testcase classname="basics.PostBasics" name="uploadFile" time="1.141"/>
  <testcase classname="basics.PostBasics" name="CreateMember" time="0.0">
    <ignored/>
  </testcase> <!-- CreateMember -->
  <testcase classname="basics.PostBasics" name="createMemberUsingJSONObject" time="0.0">
    <ignored/>
  </testcase> <!-- createMemberUsingJSONObject -->
  <testcase classname="basics.PostBasics" name="createMemberUsingJSONFileByteArray" time="0.0">
    <ignored/>
  </testcase> <!-- createMemberUsingJSONFileByteArray -->
  <testcase classname="basics.PostBasics" name="createMembersUsingModelNonTransientBDD" time="0.0">
    <ignored/>
  </testcase> <!-- createMembersUsingModelNonTransientBDD -->
  <testcase classname="basics.PostBasics" name="createMemberUsingJSONFile" time="0.0">
    <ignored/>
  </testcase> <!-- createMemberUsingJSONFile -->
  <testcase classname="basics.PostBasics" name="createMembersUsingModelGsonExposeBDD" time="0.0">
    <ignored/>
  </testcase> <!-- createMembersUsingModelGsonExposeBDD -->
  <testcase classname="basics.PostBasics" name="createMemberUsingMapBDD" time="0.0">
    <ignored/>
  </testcase> <!-- createMemberUsingMapBDD -->
  <testcase classname="basics.PostBasics" name="createMembersUsingModelTransientBDD" time="0.0">
    <ignored/>
  </testcase> <!-- createMembersUsingModelTransientBDD -->
  <testcase classname="basics.PostBasics" name="createMemberUsingJSONFileStream" time="0.0">
    <ignored/>
  </testcase> <!-- createMemberUsingJSONFileStream -->
</testsuite> <!-- Default test -->
