<?xml version="1.0" encoding="UTF-8"?>
<testng-results ignored="0" total="1" passed="1" failed="0" skipped="0">
  <reporter-output>
  </reporter-output>
  <suite started-at="2025-01-28T23:08:18 MST" name="Default suite" finished-at="2025-01-28T23:08:20 MST" duration-ms="1808">
    <groups>
    </groups>
    <test started-at="2025-01-28T23:08:18 MST" name="Default test" finished-at="2025-01-28T23:08:20 MST" duration-ms="1808">
      <class name="basics.PostBasics">
        <test-method is-config="true" signature="setUp()[pri:0, instance:basics.PostBasics@5b12b668]" started-at="2025-01-28T23:08:18 MST" name="setUp" finished-at="2025-01-28T23:08:18 MST" duration-ms="622" status="PASS">
          <reporter-output>
          </reporter-output>
        </test-method> <!-- setUp -->
        <test-method signature="uploadFile()[pri:0, instance:basics.PostBasics@5b12b668]" started-at="2025-01-28T23:08:18 MST" name="uploadFile" finished-at="2025-01-28T23:08:19 MST" duration-ms="1141" status="PASS">
          <reporter-output>
          </reporter-output>
        </test-method> <!-- uploadFile -->
      </class> <!-- basics.PostBasics -->
    </test> <!-- Default test -->
  </suite> <!-- Default suite -->
</testng-results>
